[2020-10-17 20:56:20] Текст ошибки:
        Не найден вид H:\OpenServer\domains\ishop2.loc/app/views/admin\Cache/delete.php | Файл: H:\OpenServer\domains\ishop2.loc\vendor\ishop\core\base\View.php | Строка: 44
======================
[2020-10-17 20:56:20] Текст ошибки:
        Страница не найдена | Файл: H:\OpenServer\domains\ishop2.loc\vendor\ishop\core\Router.php | Строка: 46
======================
[2020-10-17 20:57:55] Текст ошибки:
        Не найден вид H:\OpenServer\domains\ishop2.loc/app/views/admin\Cache/index.php | Файл: H:\OpenServer\domains\ishop2.loc\vendor\ishop\core\base\View.php | Строка: 44
======================
[2020-10-17 20:57:56] Текст ошибки:
        Не найден вид H:\OpenServer\domains\ishop2.loc/app/views/admin\Cache/index.php | Файл: H:\OpenServer\domains\ishop2.loc\vendor\ishop\core\base\View.php | Строка: 44
======================
[2020-10-17 20:58:16] Текст ошибки:
        Не найден вид H:\OpenServer\domains\ishop2.loc/app/views/admin\Cache/index.php | Файл: H:\OpenServer\domains\ishop2.loc\vendor\ishop\core\base\View.php | Строка: 44
======================
[2020-10-17 20:59:00] Текст ошибки:
        Не найден вид H:\OpenServer\domains\ishop2.loc/app/views/admin\Cache/delete.php | Файл: H:\OpenServer\domains\ishop2.loc\vendor\ishop\core\base\View.php | Строка: 44
======================
[2020-10-17 21:18:37] Текст ошибки:
        Контроллер app\controllers\admin\ProductController не найден | Файл: H:\OpenServer\domains\ishop2.loc\vendor\ishop\core\Router.php | Строка: 43
======================
[2020-10-17 21:18:37] Текст ошибки:
        Страница не найдена | Файл: H:\OpenServer\domains\ishop2.loc\vendor\ishop\core\Router.php | Строка: 46
======================
[2020-10-17 21:20:39] Текст ошибки:
        Контроллер app\controllers\admin\ProductController не найден | Файл: H:\OpenServer\domains\ishop2.loc\vendor\ishop\core\Router.php | Строка: 43
======================
[2020-10-17 23:24:06] Текст ошибки:
        Метод app\controllers\admin\ProductController::addAction не найден | Файл: H:\OpenServer\domains\ishop2.loc\vendor\ishop\core\Router.php | Строка: 40
======================
[2020-10-18 10:26:23] Текст ошибки:
        Страница не найдена | Файл: H:\OpenServer\domains\ishop2.loc\vendor\ishop\core\Router.php | Строка: 46
======================
[2020-10-18 13:17:21] Текст ошибки:
        Страница не найдена | Файл: H:\OpenServer\domains\ishop2.loc\vendor\ishop\core\Router.php | Строка: 46
======================
[2020-10-18 13:33:11] Текст ошибки:
        Too few arguments to function app\widgets\filter\Filter::__construct(), 0 passed in H:\OpenServer\domains\ishop2.loc\app\views\Category\view.php on line 61 and exactly 2 expected | Файл: H:\OpenServer\domains\ishop2.loc\app\widgets\filter\Filter.php | Строка: 15
======================
[2020-10-18 13:33:11] Текст ошибки:
        Страница не найдена | Файл: H:\OpenServer\domains\ishop2.loc\vendor\ishop\core\Router.php | Строка: 46
======================
[2020-10-18 13:33:11] Текст ошибки:
        Страница не найдена | Файл: H:\OpenServer\domains\ishop2.loc\vendor\ishop\core\Router.php | Строка: 46
======================
[2020-10-18 13:33:25] Текст ошибки:
        Too few arguments to function app\widgets\filter\Filter::__construct(), 0 passed in H:\OpenServer\domains\ishop2.loc\app\views\Category\view.php on line 61 and exactly 2 expected | Файл: H:\OpenServer\domains\ishop2.loc\app\widgets\filter\Filter.php | Строка: 15
======================
[2020-10-18 13:33:25] Текст ошибки:
        Страница не найдена | Файл: H:\OpenServer\domains\ishop2.loc\vendor\ishop\core\Router.php | Строка: 46
======================
[2020-10-18 13:33:25] Текст ошибки:
        Страница не найдена | Файл: H:\OpenServer\domains\ishop2.loc\vendor\ishop\core\Router.php | Строка: 46
======================
[2020-10-18 13:33:25] Текст ошибки:
        Страница не найдена | Файл: H:\OpenServer\domains\ishop2.loc\vendor\ishop\core\Router.php | Строка: 46
======================
[2020-10-18 13:39:31] Текст ошибки:
        Страница не найдена | Файл: H:\OpenServer\domains\ishop2.loc\vendor\ishop\core\Router.php | Строка: 46
======================
[2020-10-18 14:51:00] Текст ошибки:
        Страница не найдена | Файл: H:\OpenServer\domains\ishop2.loc\vendor\ishop\core\Router.php | Строка: 46
======================
[2020-10-18 19:50:06] Текст ошибки:
        Страница не найдена | Файл: H:\OpenServer\domains\ishop2.loc\vendor\ishop\core\Router.php | Строка: 46
======================
[2020-10-18 20:06:36] Текст ошибки:
        Страница не найдена | Файл: H:\OpenServer\domains\ishop2.loc\vendor\ishop\core\Router.php | Строка: 46
======================
[2020-10-18 20:08:10] Текст ошибки:
        Страница не найдена | Файл: H:\OpenServer\domains\ishop2.loc\vendor\ishop\core\Router.php | Строка: 46
======================
[2020-10-18 20:08:10] Текст ошибки:
        Страница не найдена | Файл: H:\OpenServer\domains\ishop2.loc\vendor\ishop\core\Router.php | Строка: 46
======================
[2020-10-18 20:08:11] Текст ошибки:
        Страница не найдена | Файл: H:\OpenServer\domains\ishop2.loc\vendor\ishop\core\Router.php | Строка: 46
======================
[2020-10-18 20:16:55] Текст ошибки:
        Страница не найдена | Файл: H:\OpenServer\domains\ishop2.loc\vendor\ishop\core\Router.php | Строка: 46
======================
[2020-10-18 20:34:21] Текст ошибки:
        Метод app\controllers\admin\ProductController::relatedProductAction не найден | Файл: H:\OpenServer\domains\ishop2.loc\vendor\ishop\core\Router.php | Строка: 40
======================
[2020-10-18 20:34:33] Текст ошибки:
        Метод app\controllers\admin\ProductController::relatedProductAction не найден | Файл: H:\OpenServer\domains\ishop2.loc\vendor\ishop\core\Router.php | Строка: 40
======================
[2020-10-18 21:15:56] Текст ошибки:
        Страница не найдена | Файл: H:\OpenServer\domains\ishop2.loc\vendor\ishop\core\Router.php | Строка: 46
======================
[2020-10-18 21:39:58] Текст ошибки:
        Страница не найдена | Файл: H:\OpenServer\domains\ishop2.loc\vendor\ishop\core\Router.php | Строка: 46
======================
[2020-10-18 21:50:54] Текст ошибки:
        Страница не найдена | Файл: H:\OpenServer\domains\ishop2.loc\vendor\ishop\core\Router.php | Строка: 46
======================
[2020-10-18 22:19:09] Текст ошибки:
        Страница не найдена | Файл: H:\OpenServer\domains\ishop2.loc\vendor\ishop\core\Router.php | Строка: 46
======================
[2020-10-18 22:22:14] Текст ошибки:
        Метод app\controllers\admin\ProductController::addImageAction не найден | Файл: H:\OpenServer\domains\ishop2.loc\vendor\ishop\core\Router.php | Строка: 40
======================
[2020-10-19 08:54:30] Текст ошибки:
        Страница не найдена | Файл: H:\OpenServer\domains\ishop2.loc\vendor\ishop\core\Router.php | Строка: 46
======================
[2020-10-19 09:29:57] Текст ошибки:
        Страница не найдена | Файл: H:\OpenServer\domains\ishop2.loc\vendor\ishop\core\Router.php | Строка: 46
======================
[2020-10-19 09:29:58] Текст ошибки:
        Страница не найдена | Файл: H:\OpenServer\domains\ishop2.loc\vendor\ishop\core\Router.php | Строка: 46
======================
[2020-10-19 09:30:02] Текст ошибки:
        Страница не найдена | Файл: H:\OpenServer\domains\ishop2.loc\vendor\ishop\core\Router.php | Строка: 46
======================
[2020-10-19 09:34:29] Текст ошибки:
        Страница не найдена | Файл: H:\OpenServer\domains\ishop2.loc\vendor\ishop\core\Router.php | Строка: 46
======================
[2020-10-19 09:34:30] Текст ошибки:
        Страница не найдена | Файл: H:\OpenServer\domains\ishop2.loc\vendor\ishop\core\Router.php | Строка: 46
======================
[2020-10-19 11:20:58] Текст ошибки:
        SQLSTATE[42000]: Syntax error or access violation: 1064 You have an error in your SQL syntax; check the manual that corresponds to your MySQL server version for the right syntax to use near 'product.id = related_product.related_id
            WHERE related_product.produ' at line 3 | Файл: H:\OpenServer\domains\ishop2.loc\vendor\gabordemooij\redbean\RedBeanPHP\Driver\RPDO.php | Строка: 202
======================
[2020-10-19 11:20:58] Текст ошибки:
        Страница не найдена | Файл: H:\OpenServer\domains\ishop2.loc\vendor\ishop\core\Router.php | Строка: 46
======================
[2020-10-19 12:21:52] Текст ошибки:
        Страница не найдена | Файл: H:\OpenServer\domains\ishop2.loc\vendor\ishop\core\Router.php | Строка: 46
======================
[2020-10-19 12:21:56] Текст ошибки:
        Страница не найдена | Файл: H:\OpenServer\domains\ishop2.loc\vendor\ishop\core\Router.php | Строка: 46
======================
[2020-10-19 12:22:05] Текст ошибки:
        Страница не найдена | Файл: H:\OpenServer\domains\ishop2.loc\vendor\ishop\core\Router.php | Строка: 46
======================
[2020-10-19 12:22:08] Текст ошибки:
        Страница не найдена | Файл: H:\OpenServer\domains\ishop2.loc\vendor\ishop\core\Router.php | Строка: 46
======================
[2020-10-19 12:22:08] Текст ошибки:
        Страница не найдена | Файл: H:\OpenServer\domains\ishop2.loc\vendor\ishop\core\Router.php | Строка: 46
======================
[2020-10-19 12:22:11] Текст ошибки:
        Страница не найдена | Файл: H:\OpenServer\domains\ishop2.loc\vendor\ishop\core\Router.php | Строка: 46
======================
[2020-10-19 12:22:18] Текст ошибки:
        Страница не найдена | Файл: H:\OpenServer\domains\ishop2.loc\vendor\ishop\core\Router.php | Строка: 46
======================
[2020-10-19 12:22:21] Текст ошибки:
        Страница не найдена | Файл: H:\OpenServer\domains\ishop2.loc\vendor\ishop\core\Router.php | Строка: 46
======================
[2020-10-19 12:22:29] Текст ошибки:
        Страница не найдена | Файл: H:\OpenServer\domains\ishop2.loc\vendor\ishop\core\Router.php | Строка: 46
======================
[2020-10-19 12:28:09] Текст ошибки:
        Страница не найдена | Файл: H:\OpenServer\domains\ishop2.loc\vendor\ishop\core\Router.php | Строка: 46
======================
[2020-10-19 12:28:49] Текст ошибки:
        Страница не найдена | Файл: H:\OpenServer\domains\ishop2.loc\vendor\ishop\core\Router.php | Строка: 46
======================
[2020-10-19 12:29:29] Текст ошибки:
        Страница не найдена | Файл: H:\OpenServer\domains\ishop2.loc\vendor\ishop\core\Router.php | Строка: 46
======================
[2020-10-19 12:29:57] Текст ошибки:
        Стрница не найдена | Файл: H:\OpenServer\domains\ishop2.loc\app\controllers\admin\AppController.php | Строка: 33
======================
[2020-10-19 12:29:57] Текст ошибки:
        Страница не найдена | Файл: H:\OpenServer\domains\ishop2.loc\vendor\ishop\core\Router.php | Строка: 46
======================
[2020-10-19 12:31:09] Текст ошибки:
        Страница не найдена | Файл: H:\OpenServer\domains\ishop2.loc\vendor\ishop\core\Router.php | Строка: 46
======================
[2020-10-19 12:32:00] Текст ошибки:
        Страница не найдена | Файл: H:\OpenServer\domains\ishop2.loc\vendor\ishop\core\Router.php | Строка: 46
======================
[2020-10-19 13:12:20] Текст ошибки:
        Страница не найдена | Файл: H:\OpenServer\domains\ishop2.loc\vendor\ishop\core\Router.php | Строка: 46
======================
[2020-10-19 13:12:27] Текст ошибки:
        Страница не найдена | Файл: H:\OpenServer\domains\ishop2.loc\vendor\ishop\core\Router.php | Строка: 46
======================
[2020-10-19 13:12:29] Текст ошибки:
        Страница не найдена | Файл: H:\OpenServer\domains\ishop2.loc\vendor\ishop\core\Router.php | Строка: 46
======================
[2020-10-19 13:17:41] Текст ошибки:
        Страница не найдена | Файл: H:\OpenServer\domains\ishop2.loc\vendor\ishop\core\Router.php | Строка: 46
======================
[2020-10-19 23:48:50] Текст ошибки:
        Нет соединения с БД | Файл: H:\OpenServer\domains\ishop2.loc\vendor\ishop\core\Db.php | Строка: 17
======================
[2020-10-19 23:48:50] Текст ошибки:
        Нет соединения с БД | Файл: H:\OpenServer\domains\ishop2.loc\vendor\ishop\core\Db.php | Строка: 17
======================
[2020-10-19 23:48:50] Текст ошибки:
        Страница не найдена | Файл: H:\OpenServer\domains\ishop2.loc\vendor\ishop\core\Router.php | Строка: 46
======================
[2020-10-20 09:46:28] Текст ошибки:
        Нет соединения с БД | Файл: H:\OpenServer\domains\ishop2.loc\vendor\ishop\core\Db.php | Строка: 17
======================
[2020-10-20 09:46:29] Текст ошибки:
        Страница не найдена | Файл: H:\OpenServer\domains\ishop2.loc\vendor\ishop\core\Router.php | Строка: 46
======================
[2020-10-20 09:46:30] Текст ошибки:
        Нет соединения с БД | Файл: H:\OpenServer\domains\ishop2.loc\vendor\ishop\core\Db.php | Строка: 17
======================
[2020-10-20 11:06:09] Текст ошибки:
        Не найден вид H:\OpenServer\domains\ishop2.loc/app/views/admin\Filter/attribute.php | Файл: H:\OpenServer\domains\ishop2.loc\vendor\ishop\core\base\View.php | Строка: 44
======================
[2020-10-20 11:06:09] Текст ошибки:
        Страница не найдена | Файл: H:\OpenServer\domains\ishop2.loc\vendor\ishop\core\Router.php | Строка: 46
======================
[2020-10-20 12:38:47] Текст ошибки:
        Invalid type: attribute_group | Файл: H:\OpenServer\domains\ishop2.loc\vendor\gabordemooij\redbean\RedBeanPHP\Util\DispenseHelper.php | Строка: 77
======================
[2020-10-20 12:50:14] Текст ошибки:
        Plugin 'xdispense' does not exist, add this plugin using: R::ext('xdispense') | Файл: H:\OpenServer\domains\ishop2.loc\vendor\gabordemooij\redbean\RedBeanPHP\Facade.php | Строка: 3349
======================
[2020-10-20 12:52:28] Текст ошибки:
        Страница не найдена | Файл: H:\OpenServer\domains\ishop2.loc\vendor\ishop\core\Router.php | Строка: 46
======================
[2020-10-20 12:54:38] Текст ошибки:
        Страница не найдена | Файл: H:\OpenServer\domains\ishop2.loc\vendor\ishop\core\Router.php | Строка: 46
======================
[2020-10-20 12:55:18] Текст ошибки:
        Страница не найдена | Файл: H:\OpenServer\domains\ishop2.loc\vendor\ishop\core\Router.php | Строка: 46
======================
[2020-10-20 12:55:32] Текст ошибки:
        Страница не найдена | Файл: H:\OpenServer\domains\ishop2.loc\vendor\ishop\core\Router.php | Строка: 46
======================
[2020-10-20 14:07:09] Текст ошибки:
        Страница не найдена | Файл: H:\OpenServer\domains\ishop2.loc\vendor\ishop\core\Router.php | Строка: 46
======================
[2020-10-20 14:07:52] Текст ошибки:
        Страница не найдена | Файл: H:\OpenServer\domains\ishop2.loc\vendor\ishop\core\Router.php | Строка: 46
======================
[2020-10-20 14:08:55] Текст ошибки:
        Страница не найдена | Файл: H:\OpenServer\domains\ishop2.loc\vendor\ishop\core\Router.php | Строка: 46
======================
[2020-10-20 14:08:58] Текст ошибки:
        Страница не найдена | Файл: H:\OpenServer\domains\ishop2.loc\vendor\ishop\core\Router.php | Строка: 46
======================
[2020-10-21 08:12:58] Текст ошибки:
        Страница не найдена | Файл: H:\OpenServer\domains\ishop2.loc\vendor\ishop\core\Router.php | Строка: 46
======================
[2020-10-21 08:13:02] Текст ошибки:
        Страница не найдена | Файл: H:\OpenServer\domains\ishop2.loc\vendor\ishop\core\Router.php | Строка: 46
======================
[2020-10-21 08:13:05] Текст ошибки:
        Страница не найдена | Файл: H:\OpenServer\domains\ishop2.loc\vendor\ishop\core\Router.php | Строка: 46
======================
[2020-10-21 08:13:06] Текст ошибки:
        Страница не найдена | Файл: H:\OpenServer\domains\ishop2.loc\vendor\ishop\core\Router.php | Строка: 46
======================
[2020-10-21 08:13:06] Текст ошибки:
        Страница не найдена | Файл: H:\OpenServer\domains\ishop2.loc\vendor\ishop\core\Router.php | Строка: 46
======================
[2020-10-21 08:13:15] Текст ошибки:
        Страница не найдена | Файл: H:\OpenServer\domains\ishop2.loc\vendor\ishop\core\Router.php | Строка: 46
======================
[2020-10-21 08:13:20] Текст ошибки:
        Страница не найдена | Файл: H:\OpenServer\domains\ishop2.loc\vendor\ishop\core\Router.php | Строка: 46
======================
[2020-10-21 08:13:24] Текст ошибки:
        Страница не найдена | Файл: H:\OpenServer\domains\ishop2.loc\vendor\ishop\core\Router.php | Строка: 46
======================
[2020-10-21 08:13:24] Текст ошибки:
        Страница не найдена | Файл: H:\OpenServer\domains\ishop2.loc\vendor\ishop\core\Router.php | Строка: 46
======================
[2020-10-21 08:52:44] Текст ошибки:
        Страница не найдена | Файл: H:\OpenServer\domains\ishop2.loc\vendor\ishop\core\Router.php | Строка: 46
======================
[2020-10-21 08:52:45] Текст ошибки:
        Страница не найдена | Файл: H:\OpenServer\domains\ishop2.loc\vendor\ishop\core\Router.php | Строка: 46
======================
[2020-10-21 08:52:47] Текст ошибки:
        Страница не найдена | Файл: H:\OpenServer\domains\ishop2.loc\vendor\ishop\core\Router.php | Строка: 46
======================
[2020-10-21 09:33:59] Текст ошибки:
        Страница не найдена | Файл: H:\OpenServer\domains\ishop2.loc\vendor\ishop\core\Router.php | Строка: 46
======================
[2020-10-21 09:34:02] Текст ошибки:
        Страница не найдена | Файл: H:\OpenServer\domains\ishop2.loc\vendor\ishop\core\Router.php | Строка: 46
======================
